<?xml version="1.0" encoding="UTF-8"?>
<!-- Generated by org.testng.reporters.JUnitXMLReporter -->
<testsuite ignored="0" hostname="LAPTOP-77GCKEU2" failures="4" tests="4" name="Default test(failed)(failed)" time="0.05" errors="0" timestamp="2022-03-21T08:29:23 CET">
  <testcase classname="entornos.CalculadoraTest" name="divisionTest" time="0.007">
    <failure type="java.lang.RuntimeException" message="La Division se está iniciando... ">
      <![CDATA[java.lang.RuntimeException: La Division se está iniciando... 
at entornos.CalculadoraTest.divisionTest(CalculadoraTest.java:9)
at java.base/java.util.ArrayList.forEach(ArrayList.java:1511)
... Removed 27 stack frames]]>
    </failure>
  </testcase> <!-- divisionTest -->
  <testcase classname="entornos.CalculadoraTest" name="multiplicacionTest" time="0.0">
    <failure type="java.lang.RuntimeException" message="La multiplicación se está iniciando... ">
      <![CDATA[java.lang.RuntimeException: La multiplicación se está iniciando... 
at entornos.CalculadoraTest.multiplicacionTest(CalculadoraTest.java:15)
at java.base/java.util.ArrayList.forEach(ArrayList.java:1511)
... Removed 27 stack frames]]>
    </failure>
  </testcase> <!-- multiplicacionTest -->
  <testcase classname="entornos.CalculadoraTest" name="restaTest" time="0.001">
    <failure type="java.lang.RuntimeException" message="La resta se está iniciando... ">
      <![CDATA[java.lang.RuntimeException: La resta se está iniciando... 
at entornos.CalculadoraTest.restaTest(CalculadoraTest.java:20)
at java.base/java.util.ArrayList.forEach(ArrayList.java:1511)
... Removed 27 stack frames]]>
    </failure>
  </testcase> <!-- restaTest -->
  <testcase classname="entornos.CalculadoraTest" name="sumaTest" time="0.001">
    <failure type="java.lang.RuntimeException" message="La suma se está iniciando... ">
      <![CDATA[java.lang.RuntimeException: La suma se está iniciando... 
at entornos.CalculadoraTest.sumaTest(CalculadoraTest.java:25)
at java.base/java.util.ArrayList.forEach(ArrayList.java:1511)
... Removed 27 stack frames]]>
    </failure>
  </testcase> <!-- sumaTest -->
</testsuite> <!-- Default test(failed)(failed) -->
